Arguments: 
  C:\Program Files\nodejs\node.exe C:\Users\lecon\AppData\Roaming\npm\node_modules\yarn\bin\yarn.js install

PATH: 
  C:\Python311\Scripts\;C:\Python311\;C:\Program Files\Common Files\Oracle\Java\javapath;C:\Program Files (x86)\Common Files\Oracle\Java\javapath;C:\WINDOWS\system32;C:\WINDOWS;C:\WINDOWS\System32\Wbem;C:\WINDOWS\System32\WindowsPowerShell\v1.0\;C:\WINDOWS\System32\OpenSSH\;C:\Program Files\Amazon\AWSCLIV2\;C:\Program Files\Git\cmd;C:\Program Files\Calibre2\;C:\Program Files\dotnet\;C:\Program Files\MATLAB\MATLAB Production Server\R2015a\runtime\win64;C:\Program Files\MATLAB\MATLAB Production Server\R2015a\bin;C:\Program Files\MATLAB\MATLAB Production Server\R2015a\polyspace\bin;C:\Program Files\nodejs\;C:\ProgramData\chocolatey\bin;C:\Users\lecon\AppData\Local\Microsoft\WindowsApps;C:\Users\lecon\AppData\Local\Programs\Microsoft VS Code\bin;C:\Users\lecon\OneDrive\Documentos\flutter\bin;C:\Users\lecon\AppData\Roaming\npm

Yarn version: 
  1.22.19

Node version: 
  18.16.0

Platform: 
  win32 x64

Trace: 
  Error: https://registry.yarnpkg.com/@tamagui/lucide-icons/-/lucide-icons-1.32.2.tgz: ESOCKETTIMEDOUT
      at ClientRequest.<anonymous> (C:\Users\lecon\AppData\Roaming\npm\node_modules\yarn\lib\cli.js:141517:19)
      at Object.onceWrapper (node:events:627:28)
      at ClientRequest.emit (node:events:513:28)
      at TLSSocket.emitRequestTimeout (node:_http_client:848:9)
      at Object.onceWrapper (node:events:627:28)
      at TLSSocket.emit (node:events:525:35)
      at Socket._onTimeout (node:net:570:8)
      at listOnTimeout (node:internal/timers:569:17)
      at process.processTimers (node:internal/timers:512:7)

npm manifest: 
  {
    "scripts": {
      "start": "expo start",
      "android": "expo start --android",
      "ios": "expo start --ios",
      "web": "expo start --web",
      "upgrade:tamagui": "$npm_execpath up '*tamagui*' '@tamagui/*'"
    },
    "dependencies": {
      "@tamagui/animations-react-native": "^1.28.1",
      "@tamagui/babel-plugin": "^1.28.1",
      "@tamagui/config": "^1.28.1",
      "@tamagui/font-inter": "^1.28.1",
      "@tamagui/lucide-icons": "^1.28.1",
      "@tamagui/themes": "^1.28.1",
      "expo": "^48.0.17",
      "expo-constants": "~14.2.1",
      "expo-font": "^11.1.1",
      "expo-linear-gradient": "^12.1.2",
      "expo-linking": "~4.0.1",
      "expo-router": "^1.5.3",
      "expo-splash-screen": "~0.18.2",
      "expo-status-bar": "~1.4.2",
      "react": "18.2.0",
      "react-dom": "18.2.0",
      "react-native": "0.71.8",
      "react-native-gesture-handler": "~2.9.0",
      "react-native-reanimated": "~2.14.4",
      "react-native-safe-area-context": "4.5.0",
      "react-native-screens": "~3.20.0",
      "react-native-svg": "13.4.0",
      "tamagui": "^1.28.1"
    },
    "devDependencies": {
      "@babel/core": "^7.19.3",
      "@google/semantic-release-replace-plugin": "1.1.0",
      "@manypkg/cli": "^0.20.0",
      "@semantic-release/changelog": "6.0.1",
      "@semantic-release/git": "10.0.1",
      "@semantic-release/github": "8.0.6",
      "@semantic-release/npm": "9.0.1",
      "@semantic-release/release-notes-generator": "10.0.3",
      "@types/react": "~18.0.27",
      "@typescript-eslint/eslint-plugin": "^5.49.0",
      "@typescript-eslint/parser": "^5.49.0",
      "babel-plugin-transform-inline-environment-variables": "^0.4.4",
      "conventional-changelog-conventionalcommits": "5.0.0",
      "eslint": "^8.21.0",
      "eslint-config-prettier": "^8.6.0",
      "eslint-plugin-prettier": "^4.2.1",
      "eslint-plugin-react": "^7.32.1",
      "eslint-plugin-simple-import-sort": "^10.0.0",
      "prettier": "^2.8.3",
      "semantic-release": "19.0.5",
      "typescript": "^4.9.4"
    },
    "resolutions": {
      "metro": "^0.73.7",
      "metro-resolver": "^0.73.7"
    },
    "overrides": {
      "metro": "^0.73.7",
      "metro-resolver": "^0.73.7"
    },
    "name": "appensino",
    "version": "1.0.0",
    "private": true
  }

yarn manifest: 
  No manifest

Lockfile: 
  No lockfile
